0 info it worked if it ends with ok
1 verbose cli [ 'C:\\Program Files\\nodejs\\node.exe',
1 verbose cli   'C:\\Users\\LuisPaulo\\AppData\\Roaming\\npm\\node_modules\\npm\\bin\\npm-cli.js',
1 verbose cli   'install',
1 verbose cli   'iron-icons' ]
2 info using npm@4.0.5
3 info using node@v6.9.2
4 silly loadCurrentTree Starting
5 silly install loadCurrentTree
6 silly install readLocalPackageData
7 silly fetchPackageMetaData iron-icons
8 silly fetchNamedPackageData iron-icons
9 silly mapToRegistry name iron-icons
10 silly mapToRegistry using default registry
11 silly mapToRegistry registry https://registry.npmjs.org/
12 silly mapToRegistry data Result {
12 silly mapToRegistry   raw: 'iron-icons',
12 silly mapToRegistry   scope: null,
12 silly mapToRegistry   escapedName: 'iron-icons',
12 silly mapToRegistry   name: 'iron-icons',
12 silly mapToRegistry   rawSpec: '',
12 silly mapToRegistry   spec: 'latest',
12 silly mapToRegistry   type: 'tag' }
13 silly mapToRegistry uri https://registry.npmjs.org/iron-icons
14 verbose request uri https://registry.npmjs.org/iron-icons
15 verbose request no auth needed
16 info attempt registry request try #1 at 21:09:39
17 verbose request id e55827e0f3737b3a
18 verbose etag W/"56ac2e36-18e"
19 verbose lastModified Sat, 30 Jan 2016 03:29:58 GMT
20 http request GET https://registry.npmjs.org/iron-icons
21 http 304 https://registry.npmjs.org/iron-icons
22 verbose headers { date: 'Wed, 24 May 2017 00:09:37 GMT',
22 verbose headers   via: '1.1 varnish',
22 verbose headers   'cache-control': 'max-age=300',
22 verbose headers   etag: 'W/"56ac2e36-18e"',
22 verbose headers   age: '74',
22 verbose headers   connection: 'keep-alive',
22 verbose headers   'x-served-by': 'cache-mia1320-MIA',
22 verbose headers   'x-cache': 'HIT',
22 verbose headers   'x-cache-hits': '1',
22 verbose headers   'x-timer': 'S1495584577.098881,VS0,VE0',
22 verbose headers   vary: 'Accept-Encoding' }
23 silly get cb [ 304,
23 silly get   { date: 'Wed, 24 May 2017 00:09:37 GMT',
23 silly get     via: '1.1 varnish',
23 silly get     'cache-control': 'max-age=300',
23 silly get     etag: 'W/"56ac2e36-18e"',
23 silly get     age: '74',
23 silly get     connection: 'keep-alive',
23 silly get     'x-served-by': 'cache-mia1320-MIA',
23 silly get     'x-cache': 'HIT',
23 silly get     'x-cache-hits': '1',
23 silly get     'x-timer': 'S1495584577.098881,VS0,VE0',
23 silly get     vary: 'Accept-Encoding' } ]
24 verbose etag https://registry.npmjs.org/iron-icons from cache
25 verbose get saving iron-icons to C:\Users\LuisPaulo\AppData\Roaming\npm-cache\registry.npmjs.org\iron-icons\.cache.json
26 verbose correctMkdir C:\Users\LuisPaulo\AppData\Roaming\npm-cache correctMkdir not in flight; initializing
27 verbose stack TypeError: Cannot convert undefined or null to object
27 verbose stack     at pickVersionFromRegistryDocument (C:\Users\LuisPaulo\AppData\Roaming\npm\node_modules\npm\lib\fetch-package-metadata.js:125:29)
27 verbose stack     at C:\Users\LuisPaulo\AppData\Roaming\npm\node_modules\npm\node_modules\iferr\index.js:13:50
27 verbose stack     at C:\Users\LuisPaulo\AppData\Roaming\npm\node_modules\npm\lib\utils\pulse-till-done.js:20:8
27 verbose stack     at saved (C:\Users\LuisPaulo\AppData\Roaming\npm\node_modules\npm\lib\cache\caching-client.js:174:7)
27 verbose stack     at C:\Users\LuisPaulo\AppData\Roaming\npm\node_modules\npm\node_modules\graceful-fs\polyfills.js:261:18
27 verbose stack     at FSReqWrap.oncomplete (fs.js:123:15)
28 verbose cwd C:\Users\LuisPaulo\Documents\GitHub\PolymerQuickstart
29 error Windows_NT 6.3.9600
30 error argv "C:\\Program Files\\nodejs\\node.exe" "C:\\Users\\LuisPaulo\\AppData\\Roaming\\npm\\node_modules\\npm\\bin\\npm-cli.js" "install" "iron-icons"
31 error node v6.9.2
32 error npm  v4.0.5
33 error Cannot convert undefined or null to object
34 error If you need help, you may report this error at:
34 error     <https://github.com/npm/npm/issues>
35 verbose exit [ 1, true ]
